<?xml version="1.0" encoding="UTF-8"?>
<testsuite name="team.smart.service.UserServiceTest" time="0.422" tests="3" errors="0" skipped="0" failures="0">
  <properties>
    <property name="java.runtime.name" value="Java(TM) SE Runtime Environment"/>
    <property name="sun.boot.library.path" value="E:\JavaSE\jre\bin"/>
    <property name="java.vm.version" value="25.151-b12"/>
    <property name="java.vm.vendor" value="Oracle Corporation"/>
    <property name="maven.multiModuleProjectDirectory" value="D:\Projects\eclipseWorkspace\hotelms\hotelms"/>
    <property name="java.vendor.url" value="http://java.oracle.com/"/>
    <property name="path.separator" value=";"/>
    <property name="guice.disable.misplaced.annotation.check" value="true"/>
    <property name="java.vm.name" value="Java HotSpot(TM) 64-Bit Server VM"/>
    <property name="file.encoding.pkg" value="sun.io"/>
    <property name="user.script" value=""/>
    <property name="user.country" value="CN"/>
    <property name="sun.java.launcher" value="SUN_STANDARD"/>
    <property name="sun.os.patch.level" value=""/>
    <property name="java.vm.specification.name" value="Java Virtual Machine Specification"/>
    <property name="user.dir" value="D:\Projects\eclipseWorkspace\hotelms\hotelms"/>
    <property name="java.runtime.version" value="1.8.0_151-b12"/>
    <property name="java.awt.graphicsenv" value="sun.awt.Win32GraphicsEnvironment"/>
    <property name="java.endorsed.dirs" value="E:\JavaSE\jre\lib\endorsed"/>
    <property name="os.arch" value="amd64"/>
    <property name="java.io.tmpdir" value="C:\Users\Xingbang\AppData\Local\Temp\"/>
    <property name="line.separator" value="&#10;"/>
    <property name="java.vm.specification.vendor" value="Oracle Corporation"/>
    <property name="user.variant" value=""/>
    <property name="os.name" value="Windows 8.1"/>
    <property name="classworlds.conf" value="D:\Projects\eclipseWorkspace\.metadata\.plugins\org.eclipse.m2e.launching\launches\m2conf6225686868064076858.tmp"/>
    <property name="sun.jnu.encoding" value="GBK"/>
    <property name="java.library.path" value="E:\JavaSE\bin;C:\WINDOWS\Sun\Java\bin;C:\WINDOWS\system32;C:\WINDOWS;E:/JavaSE/bin/../jre/bin/server;E:/JavaSE/bin/../jre/bin;E:/JavaSE/bin/../jre/lib/amd64;C:\Program Files (x86)\Intel\iCLS Client\;C:\Program Files\Intel\iCLS Client\;E:\python36\Scripts\;E:\python36\;E:\python27;E:\python27\Scripts;E:\JavaSE\bin;E:\JavaSE\jre\bin;C:\Program Files\MySQL\MySQL Server 5.7\bin;C:\windows\system32;E:\apache-maven-3.5.2\bin;C:\Program Files (x86)\Intel\UCRT\;C:\Program Files\Intel\UCRT\;C:\Program Files (x86)\Intel\Intel(R) Management Engine Components\DAL;C:\Program Files\Intel\Intel(R) Management Engine Components\DAL;C:\Program Files (x86)\Intel\Intel(R) Management Engine Components\IPT;C:\Program Files\Intel\Intel(R) Management Engine Components\IPT;E:\PHP7.2;C:\ProgramData\ComposerSetup\bin;C:\Program Files\dotnet\;E:\BitviseSSHClient;C:\Users\Xingbang\AppData\Roaming\Composer\vendor\bin;C:\Users\Xingbang\AppData\Local\GitHubDesktop\bin;E:\Visual Stdio 2017\VC\Tools\MSVC\14.11.25503\bin\Hostx86\x86;E:\Visual Stdio 2017\Common7\IDE;E:\apache-maven-3.5.2;\bin;E:\Tesseract-OCR;E:\eclipse EE\eclipse;;."/>
    <property name="java.specification.name" value="Java Platform API Specification"/>
    <property name="java.class.version" value="52.0"/>
    <property name="sun.management.compiler" value="HotSpot 64-Bit Tiered Compilers"/>
    <property name="os.version" value="6.3"/>
    <property name="user.home" value="C:\Users\Xingbang"/>
    <property name="user.timezone" value="Asia/Shanghai"/>
    <property name="java.awt.printerjob" value="sun.awt.windows.WPrinterJob"/>
    <property name="java.specification.version" value="1.8"/>
    <property name="file.encoding" value="UTF-8"/>
    <property name="user.name" value="Xingbang"/>
    <property name="java.class.path" value="E:\apache-maven-3.5.2\boot\plexus-classworlds-2.5.2.jar"/>
    <property name="java.vm.specification.version" value="1.8"/>
    <property name="sun.arch.data.model" value="64"/>
    <property name="java.home" value="E:\JavaSE\jre"/>
    <property name="sun.java.command" value="org.codehaus.plexus.classworlds.launcher.Launcher -B -gs E:\apache-maven-3.5.2\conf\settings.xml -s E:\apache-maven-3.5.2\conf\settings.xml install"/>
    <property name="java.specification.vendor" value="Oracle Corporation"/>
    <property name="user.language" value="zh"/>
    <property name="awt.toolkit" value="sun.awt.windows.WToolkit"/>
    <property name="java.vm.info" value="mixed mode"/>
    <property name="java.version" value="1.8.0_151"/>
    <property name="java.ext.dirs" value="E:\JavaSE\jre\lib\ext;C:\WINDOWS\Sun\Java\lib\ext"/>
    <property name="sun.boot.class.path" value="E:\JavaSE\jre\lib\resources.jar;E:\JavaSE\jre\lib\rt.jar;E:\JavaSE\jre\lib\sunrsasign.jar;E:\JavaSE\jre\lib\jsse.jar;E:\JavaSE\jre\lib\jce.jar;E:\JavaSE\jre\lib\charsets.jar;E:\JavaSE\jre\lib\jfr.jar;E:\JavaSE\jre\classes"/>
    <property name="java.vendor" value="Oracle Corporation"/>
    <property name="maven.home" value="E:\apache-maven-3.5.2"/>
    <property name="file.separator" value="\"/>
    <property name="java.vendor.url.bug" value="http://bugreport.sun.com/bugreport/"/>
    <property name="sun.cpu.endian" value="little"/>
    <property name="sun.io.unicode.encoding" value="UnicodeLittle"/>
    <property name="sun.desktop" value="windows"/>
    <property name="sun.cpu.isalist" value="amd64"/>
  </properties>
  <testcase name="testHasMatchUser" classname="team.smart.service.UserServiceTest" time="0.062"/>
  <testcase name="testAddLoginLog" classname="team.smart.service.UserServiceTest" time="0.094"/>
  <testcase name="testFindUserByUserName" classname="team.smart.service.UserServiceTest" time="0.266"/>
</testsuite>