<?xml version="1.0" encoding="UTF-8"?>
<!-- Generated by org.testng.reporters.JUnitReportReporter -->
<testsuite hostname="suqiao" name="team.smart.service.UserServiceTest" tests="3" failures="0" timestamp="2 Jun 2018 13:48:03 GMT" time="1.699" errors="0">
  <testcase name="testHasMatchUser" time="0.376" classname="team.smart.service.UserServiceTest"/>
  <testcase name="testAddLoginLog" time="0.677" classname="team.smart.service.UserServiceTest"/>
  <testcase name="testFindUserByUserName" time="0.646" classname="team.smart.service.UserServiceTest"/>
</testsuite> <!-- team.smart.service.UserServiceTest -->
