<?xml version="1.0" encoding="UTF-8"?>
<!-- Generated by org.testng.reporters.JUnitReportReporter -->
<testsuite hostname="suqiao" name="team.smart.service.UserServiceTest" tests="3" failures="0" timestamp="3 Jun 2018 12:51:03 GMT" time="1.658" errors="0">
  <testcase name="testHasMatchUser" time="0.540" classname="team.smart.service.UserServiceTest"/>
  <testcase name="testFindUserByUserName" time="0.648" classname="team.smart.service.UserServiceTest"/>
  <testcase name="testAddLoginLog" time="0.470" classname="team.smart.service.UserServiceTest"/>
</testsuite> <!-- team.smart.service.UserServiceTest -->
