<?xml version="1.0" encoding="UTF-8"?>
<!-- Generated by org.testng.reporters.JUnitReportReporter -->
<testsuite hostname="suqiao" name="team.smart.service.UserServiceTest" tests="3" failures="0" timestamp="15 Jun 2018 13:06:41 GMT" time="1.414" errors="0">
  <testcase name="testHasMatchUser" time="0.393" classname="team.smart.service.UserServiceTest"/>
  <testcase name="testFindUserByUserName" time="0.579" classname="team.smart.service.UserServiceTest"/>
  <testcase name="testAddLoginLog" time="0.442" classname="team.smart.service.UserServiceTest"/>
</testsuite> <!-- team.smart.service.UserServiceTest -->
