<?xml version="1.0" encoding="UTF-8"?>
<!-- Generated by org.testng.reporters.JUnitReportReporter -->
<testsuite hostname="suqiao" name="team.smart.service.UserServiceTest" tests="3" failures="0" timestamp="16 Jun 2018 05:24:14 GMT" time="1.513" errors="0">
  <testcase name="testHasMatchUser" time="0.390" classname="team.smart.service.UserServiceTest"/>
  <testcase name="testAddLoginLog" time="0.515" classname="team.smart.service.UserServiceTest"/>
  <testcase name="testFindUserByUserName" time="0.608" classname="team.smart.service.UserServiceTest"/>
</testsuite> <!-- team.smart.service.UserServiceTest -->
